============================= test session starts ==============================
platform linux -- Python 3.13.5, pytest-9.1.1, pluggy-1.6.0
rootdir: /home/adso/proyectos/expediente-scout
configfile: pyproject.toml
testpaths: tests
collected 18 items

tests/test_paso1.py .....                                                [ 27%]
tests/test_paso2.py ....                                                 [ 50%]
tests/test_paso3.py ....                                                 [ 72%]
tests/test_paso4.py .....                                                [100%]

============================== 18 passed in 1.15s ==============================
