============================= test session starts ==============================
platform linux -- Python 3.13.5, pytest-9.1.1, pluggy-1.6.0
rootdir: /home/adso/proyectos/expediente-scout
configfile: pyproject.toml
testpaths: tests
collected 13 items

tests/test_paso1.py .....                                                [ 38%]
tests/test_paso2.py ....                                                 [ 69%]
tests/test_paso3.py ....                                                 [100%]

============================== 13 passed in 0.73s ==============================
